<?xml version="1.0" encoding="UTF-8"?>
<!-- Generated by org.testng.reporters.JUnitReportReporter -->
<testsuite hostname="vishal-Latitude-5500" failures="0" tests="4" name="web.tests.WebPageTest" time="8.627" errors="0" timestamp="2025-04-23T23:35:46 IST" skipped="0">
  <testcase classname="web.tests.WebPageTest" name="testLoginNegative" time="2.419"/>
  <testcase classname="web.tests.WebPageTest" name="testLoginPositive" time="1.366"/>
  <testcase classname="web.tests.WebPageTest" name="testCandidateNavigation" time="1.858"/>
  <testcase classname="web.tests.WebPageTest" name="testAddCandidate" time="2.984"/>
</testsuite> <!-- web.tests.WebPageTest -->
